Gumi Vietnam/app/build/intermediates/manifest_merge_blame_file/debug/manifest-merger-blame-debug-report.txt
1<?xml version="1.0" encoding="utf-8"?>
2<manifest xmlns:android="http://schemas.android.com/apk/res/android"
3    package="com.example.gumivietnam"
4    android:versionCode="1"
5    android:versionName="1.0" >
6
7    <uses-sdk
8        android:minSdkVersion="19"
8-->src/main/AndroidManifest.xml
9        android:targetSdkVersion="29" />
9-->src/main/AndroidManifest.xml
10
11    <application
11-->src/main/AndroidManifest.xml:6:5-24:19
12        android:allowBackup="true"
12-->src/main/AndroidManifest.xml:7:9-35
13        android:appComponentFactory="androidx.core.app.CoreComponentFactory"
13-->[androidx.core:core:1.2.0] AndroidManifest.xml:24:18-86
14        android:debuggable="true"
15        android:icon="@mipmap/ic_launcher"
15-->src/main/AndroidManifest.xml:8:9-43
16        android:label="@string/app_name"
16-->src/main/AndroidManifest.xml:9:9-41
17        android:roundIcon="@mipmap/ic_launcher_round"
17-->src/main/AndroidManifest.xml:10:9-54
18        android:supportsRtl="true"
18-->src/main/AndroidManifest.xml:11:9-35
19        android:testOnly="true"
20        android:theme="@style/Theme.MaterialComponents.Light" >
20-->src/main/AndroidManifest.xml:12:9-62
21        <activity android:name="com.example.gumivietnam.ShowListActivity" />
21-->src/main/AndroidManifest.xml:13:9-63
21-->src/main/AndroidManifest.xml:13:19-51
22        <activity android:name="com.example.gumivietnam.InfoActivity" />
22-->src/main/AndroidManifest.xml:14:9-50
22-->src/main/AndroidManifest.xml:14:19-47
23        <activity android:name="com.example.gumivietnam.LoginActivity" />
23-->src/main/AndroidManifest.xml:15:9-51
23-->src/main/AndroidManifest.xml:15:19-48
24        <activity android:name="com.example.gumivietnam.SplashScreenActivity" >
24-->src/main/AndroidManifest.xml:16:9-22:20
24-->src/main/AndroidManifest.xml:16:19-55
25            <intent-filter>
25-->src/main/AndroidManifest.xml:17:13-21:29
26                <action android:name="android.intent.action.MAIN" />
26-->src/main/AndroidManifest.xml:18:17-69
26-->src/main/AndroidManifest.xml:18:25-66
27
28                <category android:name="android.intent.category.LAUNCHER" />
28-->src/main/AndroidManifest.xml:20:17-77
28-->src/main/AndroidManifest.xml:20:27-74
29            </intent-filter>
30        </activity>
31        <activity android:name="com.example.gumivietnam.MainActivity" />
31-->src/main/AndroidManifest.xml:23:9-50
31-->src/main/AndroidManifest.xml:23:19-47
32    </application>
33
34</manifest>